<?xml version="1.0" encoding="UTF-8"?>
<!-- Generated by org.testng.reporters.JUnitReportReporter -->
<testsuite hostname="PC040" name="requestsTesting.TestRequest" tests="1" failures="0" timestamp="9 Sep 2015 12:45:35 GMT" time="41.083" errors="0">
  <testcase name="testRequest" time="41.083" classname="requestsTesting.TestRequest"/>
</testsuite> <!-- requestsTesting.TestRequest -->
